{"/mnt/c/Users/scarm/antigravity-demo/src/App.tsx": {"path":"/mnt/c/Users/scarm/antigravity-demo/src/App.tsx","statementMap":{"0":{"start":{"line":10,"column":6},"end":{"line":10,"column":null}},"1":{"start":{"line":10,"column":32},"end":{"line":10,"column":null}},"2":{"start":{"line":11,"column":6},"end":{"line":11,"column":null}},"3":{"start":{"line":11,"column":33},"end":{"line":11,"column":null}},"4":{"start":{"line":12,"column":6},"end":{"line":12,"column":null}},"5":{"start":{"line":12,"column":38},"end":{"line":12,"column":null}},"6":{"start":{"line":13,"column":6},"end":{"line":13,"column":null}},"7":{"start":{"line":13,"column":31},"end":{"line":13,"column":null}},"8":{"start":{"line":14,"column":6},"end":{"line":14,"column":null}},"9":{"start":{"line":14,"column":31},"end":{"line":14,"column":null}},"10":{"start":{"line":15,"column":6},"end":{"line":15,"column":null}},"11":{"start":{"line":15,"column":38},"end":{"line":15,"column":null}},"12":{"start":{"line":18,"column":20},"end":{"line":21,"column":null}},"13":{"start":{"line":19,"column":2},"end":{"line":21,"column":null}},"14":{"start":{"line":25,"column":24},"end":{"line":25,"column":null}},"15":{"start":{"line":26,"column":30},"end":{"line":26,"column":null}},"16":{"start":{"line":27,"column":24},"end":{"line":27,"column":null}},"17":{"start":{"line":28,"column":14},"end":{"line":32,"column":null}},"18":{"start":{"line":34,"column":2},"end":{"line":44,"column":null}},"19":{"start":{"line":36,"column":4},"end":{"line":43,"column":null}},"20":{"start":{"line":46,"column":2},"end":{"line":48,"column":null}},"21":{"start":{"line":47,"column":4},"end":{"line":47,"column":null}},"22":{"start":{"line":50,"column":8},"end":{"line":52,"column":null}},"23":{"start":{"line":51,"column":4},"end":{"line":51,"column":null}},"24":{"start":{"line":51,"column":24},"end":{"line":51,"column":59}},"25":{"start":{"line":54,"column":8},"end":{"line":56,"column":null}},"26":{"start":{"line":55,"column":4},"end":{"line":55,"column":null}},"27":{"start":{"line":58,"column":2},"end":{"line":89,"column":null}}},"fnMap":{"0":{"name":"(anonymous_0)","decl":{"start":{"line":10,"column":26},"end":{"line":10,"column":32}},"loc":{"start":{"line":10,"column":32},"end":{"line":10,"column":null}},"line":10},"1":{"name":"(anonymous_1)","decl":{"start":{"line":11,"column":27},"end":{"line":11,"column":33}},"loc":{"start":{"line":11,"column":33},"end":{"line":11,"column":null}},"line":11},"2":{"name":"(anonymous_2)","decl":{"start":{"line":12,"column":32},"end":{"line":12,"column":38}},"loc":{"start":{"line":12,"column":38},"end":{"line":12,"column":null}},"line":12},"3":{"name":"(anonymous_3)","decl":{"start":{"line":13,"column":25},"end":{"line":13,"column":31}},"loc":{"start":{"line":13,"column":31},"end":{"line":13,"column":null}},"line":13},"4":{"name":"(anonymous_4)","decl":{"start":{"line":14,"column":25},"end":{"line":14,"column":31}},"loc":{"start":{"line":14,"column":31},"end":{"line":14,"column":null}},"line":14},"5":{"name":"(anonymous_5)","decl":{"start":{"line":15,"column":32},"end":{"line":15,"column":38}},"loc":{"start":{"line":15,"column":38},"end":{"line":15,"column":null}},"line":15},"6":{"name":"(anonymous_6)","decl":{"start":{"line":18,"column":20},"end":{"line":18,"column":null}},"loc":{"start":{"line":19,"column":2},"end":{"line":21,"column":null}},"line":19},"7":{"name":"App","decl":{"start":{"line":24,"column":9},"end":{"line":24,"column":15}},"loc":{"start":{"line":24,"column":15},"end":{"line":91,"column":null}},"line":24},"8":{"name":"(anonymous_8)","decl":{"start":{"line":34,"column":12},"end":{"line":34,"column":18}},"loc":{"start":{"line":34,"column":18},"end":{"line":44,"column":5}},"line":34},"9":{"name":"(anonymous_9)","decl":{"start":{"line":46,"column":12},"end":{"line":46,"column":18}},"loc":{"start":{"line":46,"column":18},"end":{"line":48,"column":5}},"line":46},"10":{"name":"(anonymous_10)","decl":{"start":{"line":50,"column":34},"end":{"line":50,"column":40}},"loc":{"start":{"line":50,"column":40},"end":{"line":52,"column":5}},"line":50},"11":{"name":"(anonymous_11)","decl":{"start":{"line":51,"column":13},"end":{"line":51,"column":14}},"loc":{"start":{"line":51,"column":24},"end":{"line":51,"column":59}},"line":51},"12":{"name":"(anonymous_12)","decl":{"start":{"line":54,"column":35},"end":{"line":54,"column":41}},"loc":{"start":{"line":54,"column":41},"end":{"line":56,"column":5}},"line":54}},"branchMap":{"0":{"loc":{"start":{"line":51,"column":24},"end":{"line":51,"column":59}},"type":"cond-expr","locations":[{"start":{"line":51,"column":42},"end":{"line":51,"column":52}},{"start":{"line":51,"column":52},"end":{"line":51,"column":59}}],"line":51}},"s":{"0":1,"1":1,"2":1,"3":1,"4":1,"5":1,"6":1,"7":1,"8":1,"9":1,"10":1,"11":1,"12":1,"13":55,"14":33,"15":33,"16":33,"17":33,"18":33,"19":13,"20":33,"21":16,"22":33,"23":3,"24":3,"25":33,"26":1,"27":33},"f":{"0":1,"1":1,"2":1,"3":1,"4":1,"5":1,"6":55,"7":33,"8":13,"9":16,"10":3,"11":3,"12":1},"b":{"0":[3,0]},"meta":{"lastBranch":1,"lastFunction":13,"lastStatement":28,"seen":{"s:10:6:10:Infinity":0,"f:10:26:10:32":0,"s:10:32:10:Infinity":1,"s:11:6:11:Infinity":2,"f:11:27:11:33":1,"s:11:33:11:Infinity":3,"s:12:6:12:Infinity":4,"f:12:32:12:38":2,"s:12:38:12:Infinity":5,"s:13:6:13:Infinity":6,"f:13:25:13:31":3,"s:13:31:13:Infinity":7,"s:14:6:14:Infinity":8,"f:14:25:14:31":4,"s:14:31:14:Infinity":9,"s:15:6:15:Infinity":10,"f:15:32:15:38":5,"s:15:38:15:Infinity":11,"s:18:20:21:Infinity":12,"f:18:20:18:Infinity":6,"s:19:2:21:Infinity":13,"f:24:9:24:15":7,"s:25:24:25:Infinity":14,"s:26:30:26:Infinity":15,"s:27:24:27:Infinity":16,"s:28:14:32:Infinity":17,"s:34:2:44:Infinity":18,"f:34:12:34:18":8,"s:36:4:43:Infinity":19,"s:46:2:48:Infinity":20,"f:46:12:46:18":9,"s:47:4:47:Infinity":21,"s:50:8:52:Infinity":22,"f:50:34:50:40":10,"s:51:4:51:Infinity":23,"f:51:13:51:14":11,"s:51:24:51:59":24,"b:51:42:51:52:51:52:51:59":0,"s:54:8:56:Infinity":25,"f:54:35:54:41":12,"s:55:4:55:Infinity":26,"s:58:2:89:Infinity":27}}}
,"/mnt/c/Users/scarm/antigravity-demo/src/components/FeaturesCard.tsx": {"path":"/mnt/c/Users/scarm/antigravity-demo/src/components/FeaturesCard.tsx","statementMap":{"0":{"start":{"line":7,"column":50},"end":{"line":20,"column":null}},"1":{"start":{"line":8,"column":2},"end":{"line":18,"column":null}},"2":{"start":{"line":13,"column":10},"end":{"line":15,"column":null}}},"fnMap":{"0":{"name":"(anonymous_0)","decl":{"start":{"line":7,"column":61},"end":{"line":7,"column":62}},"loc":{"start":{"line":7,"column":79},"end":{"line":20,"column":1}},"line":7},"1":{"name":"(anonymous_1)","decl":{"start":{"line":12,"column":22},"end":{"line":12,"column":23}},"loc":{"start":{"line":13,"column":10},"end":{"line":15,"column":null}},"line":13}},"branchMap":{},"s":{"0":2,"1":34,"2":137},"f":{"0":34,"1":137},"b":{},"meta":{"lastBranch":0,"lastFunction":2,"lastStatement":3,"seen":{"s:7:50:20:Infinity":0,"f:7:61:7:62":0,"s:8:2:18:Infinity":1,"f:12:22:12:23":1,"s:13:10:15:Infinity":2}}}
,"/mnt/c/Users/scarm/antigravity-demo/src/components/FirebaseCard.tsx": {"path":"/mnt/c/Users/scarm/antigravity-demo/src/components/FirebaseCard.tsx","statementMap":{"0":{"start":{"line":3,"column":31},"end":{"line":27,"column":null}},"1":{"start":{"line":4,"column":2},"end":{"line":25,"column":null}}},"fnMap":{"0":{"name":"(anonymous_0)","decl":{"start":{"line":3,"column":42},"end":{"line":3,"column":48}},"loc":{"start":{"line":3,"column":48},"end":{"line":27,"column":1}},"line":3}},"branchMap":{},"s":{"0":1,"1":6},"f":{"0":6},"b":{},"meta":{"lastBranch":0,"lastFunction":1,"lastStatement":2,"seen":{"s:3:31:27:Infinity":0,"f:3:42:3:48":0,"s:4:2:25:Infinity":1}}}
,"/mnt/c/Users/scarm/antigravity-demo/src/components/Footer.tsx": {"path":"/mnt/c/Users/scarm/antigravity-demo/src/components/Footer.tsx","statementMap":{"0":{"start":{"line":3,"column":25},"end":{"line":16,"column":null}},"1":{"start":{"line":4,"column":2},"end":{"line":14,"column":null}}},"fnMap":{"0":{"name":"(anonymous_0)","decl":{"start":{"line":3,"column":36},"end":{"line":3,"column":42}},"loc":{"start":{"line":3,"column":42},"end":{"line":16,"column":1}},"line":3}},"branchMap":{},"s":{"0":2,"1":19},"f":{"0":19},"b":{},"meta":{"lastBranch":0,"lastFunction":1,"lastStatement":2,"seen":{"s:3:25:16:Infinity":0,"f:3:36:3:42":0,"s:4:2:14:Infinity":1}}}
,"/mnt/c/Users/scarm/antigravity-demo/src/components/Header.tsx": {"path":"/mnt/c/Users/scarm/antigravity-demo/src/components/Header.tsx","statementMap":{"0":{"start":{"line":8,"column":38},"end":{"line":22,"column":null}},"1":{"start":{"line":9,"column":2},"end":{"line":20,"column":null}}},"fnMap":{"0":{"name":"(anonymous_0)","decl":{"start":{"line":8,"column":49},"end":{"line":8,"column":50}},"loc":{"start":{"line":8,"column":77},"end":{"line":22,"column":1}},"line":8}},"branchMap":{"0":{"loc":{"start":{"line":18,"column":9},"end":{"line":18,"column":null}},"type":"cond-expr","locations":[{"start":{"line":18,"column":28},"end":{"line":18,"column":35}},{"start":{"line":18,"column":35},"end":{"line":18,"column":null}}],"line":18}},"s":{"0":2,"1":21},"f":{"0":21},"b":{"0":[17,4]},"meta":{"lastBranch":1,"lastFunction":1,"lastStatement":2,"seen":{"s:8:38:22:Infinity":0,"f:8:49:8:50":0,"s:9:2:20:Infinity":1,"b:18:28:18:35:18:35:18:Infinity":0}}}
,"/mnt/c/Users/scarm/antigravity-demo/src/components/InteractiveCounter.tsx": {"path":"/mnt/c/Users/scarm/antigravity-demo/src/components/InteractiveCounter.tsx","statementMap":{"0":{"start":{"line":9,"column":62},"end":{"line":35,"column":null}},"1":{"start":{"line":10,"column":2},"end":{"line":33,"column":null}},"2":{"start":{"line":18,"column":25},"end":{"line":18,"column":null}},"3":{"start":{"line":18,"column":45},"end":{"line":18,"column":54}}},"fnMap":{"0":{"name":"(anonymous_0)","decl":{"start":{"line":9,"column":62},"end":{"line":9,"column":63}},"loc":{"start":{"line":9,"column":101},"end":{"line":35,"column":null}},"line":9},"1":{"name":"(anonymous_1)","decl":{"start":{"line":18,"column":19},"end":{"line":18,"column":25}},"loc":{"start":{"line":18,"column":25},"end":{"line":18,"column":null}},"line":18},"2":{"name":"(anonymous_2)","decl":{"start":{"line":18,"column":34},"end":{"line":18,"column":35}},"loc":{"start":{"line":18,"column":45},"end":{"line":18,"column":54}},"line":18}},"branchMap":{},"s":{"0":2,"1":42,"2":5,"3":6},"f":{"0":42,"1":5,"2":6},"b":{},"meta":{"lastBranch":0,"lastFunction":3,"lastStatement":4,"seen":{"s:9:62:35:Infinity":0,"f:9:62:9:63":0,"s:10:2:33:Infinity":1,"f:18:19:18:25":1,"s:18:25:18:Infinity":2,"f:18:34:18:35":2,"s:18:45:18:54":3}}}
,"/mnt/c/Users/scarm/antigravity-demo/src/components/MCPShowcase.tsx": {"path":"/mnt/c/Users/scarm/antigravity-demo/src/components/MCPShowcase.tsx","statementMap":{"0":{"start":{"line":10,"column":30},"end":{"line":86,"column":null}},"1":{"start":{"line":11,"column":36},"end":{"line":42,"column":null}},"2":{"start":{"line":44,"column":24},"end":{"line":44,"column":null}},"3":{"start":{"line":44,"column":59},"end":{"line":44,"column":79}},"4":{"start":{"line":46,"column":4},"end":{"line":84,"column":null}},"5":{"start":{"line":66,"column":20},"end":{"line":77,"column":null}},"6":{"start":{"line":88,"column":0},"end":{"line":88,"column":null}}},"fnMap":{"0":{"name":"(anonymous_0)","decl":{"start":{"line":10,"column":41},"end":{"line":10,"column":47}},"loc":{"start":{"line":10,"column":47},"end":{"line":86,"column":1}},"line":10},"1":{"name":"(anonymous_1)","decl":{"start":{"line":44,"column":42},"end":{"line":44,"column":43}},"loc":{"start":{"line":44,"column":59},"end":{"line":44,"column":79}},"line":44},"2":{"name":"(anonymous_2)","decl":{"start":{"line":65,"column":32},"end":{"line":65,"column":33}},"loc":{"start":{"line":66,"column":20},"end":{"line":77,"column":null}},"line":66}},"branchMap":{"0":{"loc":{"start":{"line":74,"column":33},"end":{"line":74,"column":null}},"type":"cond-expr","locations":[{"start":{"line":74,"column":62},"end":{"line":74,"column":68}},{"start":{"line":74,"column":68},"end":{"line":74,"column":null}}],"line":74}},"s":{"0":1,"1":11,"2":11,"3":55,"4":11,"5":55,"6":1},"f":{"0":11,"1":55,"2":55},"b":{"0":[55,0]},"meta":{"lastBranch":1,"lastFunction":3,"lastStatement":7,"seen":{"s:10:30:86:Infinity":0,"f:10:41:10:47":0,"s:11:36:42:Infinity":1,"s:44:24:44:Infinity":2,"f:44:42:44:43":1,"s:44:59:44:79":3,"s:46:4:84:Infinity":4,"f:65:32:65:33":2,"s:66:20:77:Infinity":5,"b:74:62:74:68:74:68:74:Infinity":0,"s:88:0:88:Infinity":6}}}
,"/mnt/c/Users/scarm/antigravity-demo/src/components/ParticleBackground.tsx": {"path":"/mnt/c/Users/scarm/antigravity-demo/src/components/ParticleBackground.tsx","statementMap":{"0":{"start":{"line":15,"column":62},"end":{"line":136,"column":null}},"1":{"start":{"line":16,"column":10},"end":{"line":16,"column":null}},"2":{"start":{"line":17,"column":10},"end":{"line":17,"column":null}},"3":{"start":{"line":18,"column":10},"end":{"line":18,"column":null}},"4":{"start":{"line":19,"column":10},"end":{"line":19,"column":null}},"5":{"start":{"line":21,"column":4},"end":{"line":119,"column":null}},"6":{"start":{"line":22,"column":23},"end":{"line":22,"column":null}},"7":{"start":{"line":23,"column":8},"end":{"line":23,"column":null}},"8":{"start":{"line":23,"column":21},"end":{"line":23,"column":null}},"9":{"start":{"line":25,"column":20},"end":{"line":25,"column":null}},"10":{"start":{"line":26,"column":8},"end":{"line":26,"column":null}},"11":{"start":{"line":26,"column":18},"end":{"line":26,"column":null}},"12":{"start":{"line":29,"column":29},"end":{"line":32,"column":null}},"13":{"start":{"line":30,"column":12},"end":{"line":30,"column":null}},"14":{"start":{"line":31,"column":12},"end":{"line":31,"column":null}},"15":{"start":{"line":33,"column":8},"end":{"line":33,"column":null}},"16":{"start":{"line":34,"column":8},"end":{"line":34,"column":null}},"17":{"start":{"line":37,"column":30},"end":{"line":37,"column":null}},"18":{"start":{"line":38,"column":8},"end":{"line":44,"column":null}},"19":{"start":{"line":38,"column":76},"end":{"line":44,"column":10}},"20":{"start":{"line":47,"column":32},"end":{"line":49,"column":null}},"21":{"start":{"line":48,"column":12},"end":{"line":48,"column":null}},"22":{"start":{"line":50,"column":8},"end":{"line":50,"column":null}},"23":{"start":{"line":53,"column":24},"end":{"line":108,"column":null}},"24":{"start":{"line":54,"column":12},"end":{"line":54,"column":null}},"25":{"start":{"line":54,"column":33},"end":{"line":54,"column":null}},"26":{"start":{"line":56,"column":12},"end":{"line":56,"column":null}},"27":{"start":{"line":59,"column":12},"end":{"line":85,"column":null}},"28":{"start":{"line":61,"column":16},"end":{"line":61,"column":null}},"29":{"start":{"line":62,"column":16},"end":{"line":62,"column":null}},"30":{"start":{"line":65,"column":16},"end":{"line":65,"column":null}},"31":{"start":{"line":65,"column":65},"end":{"line":65,"column":null}},"32":{"start":{"line":66,"column":16},"end":{"line":66,"column":null}},"33":{"start":{"line":66,"column":66},"end":{"line":66,"column":null}},"34":{"start":{"line":69,"column":27},"end":{"line":69,"column":null}},"35":{"start":{"line":70,"column":27},"end":{"line":70,"column":null}},"36":{"start":{"line":71,"column":33},"end":{"line":71,"column":null}},"37":{"start":{"line":73,"column":16},"end":{"line":76,"column":null}},"38":{"start":{"line":74,"column":20},"end":{"line":74,"column":null}},"39":{"start":{"line":75,"column":20},"end":{"line":75,"column":null}},"40":{"start":{"line":79,"column":16},"end":{"line":79,"column":null}},"41":{"start":{"line":80,"column":16},"end":{"line":80,"column":null}},"42":{"start":{"line":81,"column":16},"end":{"line":83,"column":null}},"43":{"start":{"line":84,"column":16},"end":{"line":84,"column":null}},"44":{"start":{"line":88,"column":12},"end":{"line":105,"column":null}},"45":{"start":{"line":89,"column":16},"end":{"line":104,"column":null}},"46":{"start":{"line":90,"column":31},"end":{"line":90,"column":null}},"47":{"start":{"line":91,"column":31},"end":{"line":91,"column":null}},"48":{"start":{"line":92,"column":37},"end":{"line":92,"column":null}},"49":{"start":{"line":94,"column":20},"end":{"line":103,"column":null}},"50":{"start":{"line":95,"column":24},"end":{"line":95,"column":null}},"51":{"start":{"line":96,"column":24},"end":{"line":96,"column":null}},"52":{"start":{"line":97,"column":24},"end":{"line":97,"column":null}},"53":{"start":{"line":98,"column":24},"end":{"line":100,"column":null}},"54":{"start":{"line":101,"column":24},"end":{"line":101,"column":null}},"55":{"start":{"line":102,"column":24},"end":{"line":102,"column":null}},"56":{"start":{"line":107,"column":12},"end":{"line":107,"column":null}},"57":{"start":{"line":110,"column":8},"end":{"line":110,"column":null}},"58":{"start":{"line":112,"column":8},"end":{"line":118,"column":null}},"59":{"start":{"line":113,"column":12},"end":{"line":113,"column":null}},"60":{"start":{"line":114,"column":12},"end":{"line":114,"column":null}},"61":{"start":{"line":115,"column":12},"end":{"line":117,"column":null}},"62":{"start":{"line":116,"column":16},"end":{"line":116,"column":null}},"63":{"start":{"line":121,"column":4},"end":{"line":134,"column":null}}},"fnMap":{"0":{"name":"(anonymous_0)","decl":{"start":{"line":15,"column":73},"end":{"line":15,"column":74}},"loc":{"start":{"line":15,"column":88},"end":{"line":136,"column":1}},"line":15},"1":{"name":"(anonymous_1)","decl":{"start":{"line":21,"column":14},"end":{"line":21,"column":20}},"loc":{"start":{"line":21,"column":20},"end":{"line":119,"column":7}},"line":21},"2":{"name":"(anonymous_2)","decl":{"start":{"line":29,"column":29},"end":{"line":29,"column":35}},"loc":{"start":{"line":29,"column":35},"end":{"line":32,"column":null}},"line":29},"3":{"name":"(anonymous_3)","decl":{"start":{"line":38,"column":69},"end":{"line":38,"column":76}},"loc":{"start":{"line":38,"column":76},"end":{"line":44,"column":10}},"line":38},"4":{"name":"(anonymous_4)","decl":{"start":{"line":47,"column":32},"end":{"line":47,"column":33}},"loc":{"start":{"line":47,"column":51},"end":{"line":49,"column":null}},"line":47},"5":{"name":"(anonymous_5)","decl":{"start":{"line":53,"column":24},"end":{"line":53,"column":30}},"loc":{"start":{"line":53,"column":30},"end":{"line":108,"column":null}},"line":53},"6":{"name":"(anonymous_6)","decl":{"start":{"line":59,"column":41},"end":{"line":59,"column":42}},"loc":{"start":{"line":59,"column":55},"end":{"line":85,"column":13}},"line":59},"7":{"name":"(anonymous_7)","decl":{"start":{"line":88,"column":41},"end":{"line":88,"column":42}},"loc":{"start":{"line":88,"column":52},"end":{"line":105,"column":13}},"line":88},"8":{"name":"(anonymous_8)","decl":{"start":{"line":89,"column":58},"end":{"line":89,"column":59}},"loc":{"start":{"line":89,"column":66},"end":{"line":104,"column":17}},"line":89},"9":{"name":"(anonymous_9)","decl":{"start":{"line":112,"column":15},"end":{"line":112,"column":21}},"loc":{"start":{"line":112,"column":21},"end":{"line":118,"column":null}},"line":112}},"branchMap":{"0":{"loc":{"start":{"line":23,"column":8},"end":{"line":23,"column":null}},"type":"if","locations":[{"start":{"line":23,"column":8},"end":{"line":23,"column":null}},{"start":{},"end":{}}],"line":23},"1":{"loc":{"start":{"line":26,"column":8},"end":{"line":26,"column":null}},"type":"if","locations":[{"start":{"line":26,"column":8},"end":{"line":26,"column":null}},{"start":{},"end":{}}],"line":26},"2":{"loc":{"start":{"line":54,"column":12},"end":{"line":54,"column":null}},"type":"if","locations":[{"start":{"line":54,"column":12},"end":{"line":54,"column":null}},{"start":{},"end":{}}],"line":54},"3":{"loc":{"start":{"line":54,"column":16},"end":{"line":54,"column":33}},"type":"binary-expr","locations":[{"start":{"line":54,"column":16},"end":{"line":54,"column":27}},{"start":{"line":54,"column":27},"end":{"line":54,"column":33}}],"line":54},"4":{"loc":{"start":{"line":65,"column":16},"end":{"line":65,"column":null}},"type":"if","locations":[{"start":{"line":65,"column":16},"end":{"line":65,"column":null}},{"start":{},"end":{}}],"line":65},"5":{"loc":{"start":{"line":65,"column":20},"end":{"line":65,"column":65}},"type":"binary-expr","locations":[{"start":{"line":65,"column":20},"end":{"line":65,"column":38}},{"start":{"line":65,"column":38},"end":{"line":65,"column":65}}],"line":65},"6":{"loc":{"start":{"line":66,"column":16},"end":{"line":66,"column":null}},"type":"if","locations":[{"start":{"line":66,"column":16},"end":{"line":66,"column":null}},{"start":{},"end":{}}],"line":66},"7":{"loc":{"start":{"line":66,"column":20},"end":{"line":66,"column":66}},"type":"binary-expr","locations":[{"start":{"line":66,"column":20},"end":{"line":66,"column":38}},{"start":{"line":66,"column":38},"end":{"line":66,"column":66}}],"line":66},"8":{"loc":{"start":{"line":73,"column":16},"end":{"line":76,"column":null}},"type":"if","locations":[{"start":{"line":73,"column":16},"end":{"line":76,"column":null}},{"start":{},"end":{}}],"line":73},"9":{"loc":{"start":{"line":81,"column":32},"end":{"line":83,"column":null}},"type":"cond-expr","locations":[{"start":{"line":82,"column":22},"end":{"line":82,"column":null}},{"start":{"line":83,"column":22},"end":{"line":83,"column":null}}],"line":81},"10":{"loc":{"start":{"line":94,"column":20},"end":{"line":103,"column":null}},"type":"if","locations":[{"start":{"line":94,"column":20},"end":{"line":103,"column":null}},{"start":{},"end":{}}],"line":94},"11":{"loc":{"start":{"line":98,"column":42},"end":{"line":100,"column":null}},"type":"cond-expr","locations":[{"start":{"line":99,"column":30},"end":{"line":99,"column":null}},{"start":{"line":100,"column":30},"end":{"line":100,"column":null}}],"line":98},"12":{"loc":{"start":{"line":115,"column":12},"end":{"line":117,"column":null}},"type":"if","locations":[{"start":{"line":115,"column":12},"end":{"line":117,"column":null}},{"start":{},"end":{}}],"line":115}},"s":{"0":1,"1":10,"2":10,"3":10,"4":10,"5":10,"6":10,"7":10,"8":0,"9":10,"10":10,"11":0,"12":10,"13":10,"14":10,"15":10,"16":10,"17":10,"18":10,"19":500,"20":10,"21":0,"22":10,"23":10,"24":10,"25":0,"26":10,"27":10,"28":500,"29":500,"30":500,"31":0,"32":500,"33":0,"34":500,"35":500,"36":500,"37":500,"38":7,"39":7,"40":500,"41":500,"42":500,"43":500,"44":10,"45":500,"46":12250,"47":12250,"48":12250,"49":12250,"50":888,"51":888,"52":888,"53":888,"54":888,"55":888,"56":10,"57":10,"58":10,"59":10,"60":10,"61":10,"62":10,"63":10},"f":{"0":10,"1":10,"2":10,"3":500,"4":0,"5":10,"6":500,"7":500,"8":12250,"9":10},"b":{"0":[0,10],"1":[0,10],"2":[0,10],"3":[10,10],"4":[0,500],"5":[500,500],"6":[0,500],"7":[500,500],"8":[7,493],"9":[450,50],"10":[888,11362],"11":[794,94],"12":[10,0]},"meta":{"lastBranch":13,"lastFunction":10,"lastStatement":64,"seen":{"s:15:62:136:Infinity":0,"f:15:73:15:74":0,"s:16:10:16:Infinity":1,"s:17:10:17:Infinity":2,"s:18:10:18:Infinity":3,"s:19:10:19:Infinity":4,"s:21:4:119:Infinity":5,"f:21:14:21:20":1,"s:22:23:22:Infinity":6,"b:23:8:23:Infinity:undefined:undefined:undefined:undefined":0,"s:23:8:23:Infinity":7,"s:23:21:23:Infinity":8,"s:25:20:25:Infinity":9,"b:26:8:26:Infinity:undefined:undefined:undefined:undefined":1,"s:26:8:26:Infinity":10,"s:26:18:26:Infinity":11,"s:29:29:32:Infinity":12,"f:29:29:29:35":2,"s:30:12:30:Infinity":13,"s:31:12:31:Infinity":14,"s:33:8:33:Infinity":15,"s:34:8:34:Infinity":16,"s:37:30:37:Infinity":17,"s:38:8:44:Infinity":18,"f:38:69:38:76":3,"s:38:76:44:10":19,"s:47:32:49:Infinity":20,"f:47:32:47:33":4,"s:48:12:48:Infinity":21,"s:50:8:50:Infinity":22,"s:53:24:108:Infinity":23,"f:53:24:53:30":5,"b:54:12:54:Infinity:undefined:undefined:undefined:undefined":2,"s:54:12:54:Infinity":24,"b:54:16:54:27:54:27:54:33":3,"s:54:33:54:Infinity":25,"s:56:12:56:Infinity":26,"s:59:12:85:Infinity":27,"f:59:41:59:42":6,"s:61:16:61:Infinity":28,"s:62:16:62:Infinity":29,"b:65:16:65:Infinity:undefined:undefined:undefined:undefined":4,"s:65:16:65:Infinity":30,"b:65:20:65:38:65:38:65:65":5,"s:65:65:65:Infinity":31,"b:66:16:66:Infinity:undefined:undefined:undefined:undefined":6,"s:66:16:66:Infinity":32,"b:66:20:66:38:66:38:66:66":7,"s:66:66:66:Infinity":33,"s:69:27:69:Infinity":34,"s:70:27:70:Infinity":35,"s:71:33:71:Infinity":36,"b:73:16:76:Infinity:undefined:undefined:undefined:undefined":8,"s:73:16:76:Infinity":37,"s:74:20:74:Infinity":38,"s:75:20:75:Infinity":39,"s:79:16:79:Infinity":40,"s:80:16:80:Infinity":41,"s:81:16:83:Infinity":42,"b:82:22:82:Infinity:83:22:83:Infinity":9,"s:84:16:84:Infinity":43,"s:88:12:105:Infinity":44,"f:88:41:88:42":7,"s:89:16:104:Infinity":45,"f:89:58:89:59":8,"s:90:31:90:Infinity":46,"s:91:31:91:Infinity":47,"s:92:37:92:Infinity":48,"b:94:20:103:Infinity:undefined:undefined:undefined:undefined":10,"s:94:20:103:Infinity":49,"s:95:24:95:Infinity":50,"s:96:24:96:Infinity":51,"s:97:24:97:Infinity":52,"s:98:24:100:Infinity":53,"b:99:30:99:Infinity:100:30:100:Infinity":11,"s:101:24:101:Infinity":54,"s:102:24:102:Infinity":55,"s:107:12:107:Infinity":56,"s:110:8:110:Infinity":57,"s:112:8:118:Infinity":58,"f:112:15:112:21":9,"s:113:12:113:Infinity":59,"s:114:12:114:Infinity":60,"b:115:12:117:Infinity:undefined:undefined:undefined:undefined":12,"s:115:12:117:Infinity":61,"s:116:16:116:Infinity":62,"s:121:4:134:Infinity":63}}}
,"/mnt/c/Users/scarm/antigravity-demo/src/components/PerformanceMetrics.tsx": {"path":"/mnt/c/Users/scarm/antigravity-demo/src/components/PerformanceMetrics.tsx","statementMap":{"0":{"start":{"line":12,"column":24},"end":{"line":27,"column":null}},"1":{"start":{"line":13,"column":69},"end":{"line":19,"column":null}},"2":{"start":{"line":21,"column":20},"end":{"line":21,"column":null}},"3":{"start":{"line":22,"column":2},"end":{"line":22,"column":null}},"4":{"start":{"line":22,"column":18},"end":{"line":22,"column":null}},"5":{"start":{"line":24,"column":2},"end":{"line":24,"column":null}},"6":{"start":{"line":24,"column":31},"end":{"line":24,"column":null}},"7":{"start":{"line":25,"column":2},"end":{"line":25,"column":null}},"8":{"start":{"line":25,"column":31},"end":{"line":25,"column":null}},"9":{"start":{"line":26,"column":2},"end":{"line":26,"column":null}},"10":{"start":{"line":29,"column":20},"end":{"line":34,"column":null}},"11":{"start":{"line":30,"column":2},"end":{"line":32,"column":null}},"12":{"start":{"line":31,"column":4},"end":{"line":31,"column":null}},"13":{"start":{"line":33,"column":2},"end":{"line":33,"column":null}},"14":{"start":{"line":36,"column":23},"end":{"line":47,"column":null}},"15":{"start":{"line":37,"column":2},"end":{"line":46,"column":null}},"16":{"start":{"line":39,"column":6},"end":{"line":39,"column":null}},"17":{"start":{"line":41,"column":6},"end":{"line":41,"column":null}},"18":{"start":{"line":43,"column":6},"end":{"line":43,"column":null}},"19":{"start":{"line":45,"column":6},"end":{"line":45,"column":null}},"20":{"start":{"line":49,"column":23},"end":{"line":60,"column":null}},"21":{"start":{"line":50,"column":2},"end":{"line":59,"column":null}},"22":{"start":{"line":52,"column":6},"end":{"line":52,"column":null}},"23":{"start":{"line":54,"column":6},"end":{"line":54,"column":null}},"24":{"start":{"line":56,"column":6},"end":{"line":56,"column":null}},"25":{"start":{"line":58,"column":6},"end":{"line":58,"column":null}},"26":{"start":{"line":62,"column":37},"end":{"line":199,"column":null}},"27":{"start":{"line":63,"column":28},"end":{"line":99,"column":null}},"28":{"start":{"line":101,"column":36},"end":{"line":101,"column":null}},"29":{"start":{"line":103,"column":2},"end":{"line":120,"column":null}},"30":{"start":{"line":104,"column":25},"end":{"line":113,"column":null}},"31":{"start":{"line":105,"column":6},"end":{"line":112,"column":null}},"32":{"start":{"line":105,"column":28},"end":{"line":112,"column":8}},"33":{"start":{"line":115,"column":4},"end":{"line":115,"column":null}},"34":{"start":{"line":116,"column":4},"end":{"line":116,"column":null}},"35":{"start":{"line":117,"column":4},"end":{"line":117,"column":null}},"36":{"start":{"line":118,"column":4},"end":{"line":118,"column":null}},"37":{"start":{"line":119,"column":4},"end":{"line":119,"column":null}},"38":{"start":{"line":122,"column":21},"end":{"line":122,"column":null}},"39":{"start":{"line":123,"column":22},"end":{"line":123,"column":null}},"40":{"start":{"line":125,"column":2},"end":{"line":197,"column":null}},"41":{"start":{"line":136,"column":25},"end":{"line":136,"column":null}},"42":{"start":{"line":137,"column":10},"end":{"line":158,"column":null}},"43":{"start":{"line":165,"column":23},"end":{"line":165,"column":null}},"44":{"start":{"line":174,"column":27},"end":{"line":174,"column":null}},"45":{"start":{"line":175,"column":12},"end":{"line":186,"column":null}},"46":{"start":{"line":201,"column":0},"end":{"line":201,"column":null}}},"fnMap":{"0":{"name":"(anonymous_0)","decl":{"start":{"line":12,"column":24},"end":{"line":12,"column":25}},"loc":{"start":{"line":12,"column":96},"end":{"line":27,"column":null}},"line":12},"1":{"name":"(anonymous_1)","decl":{"start":{"line":29,"column":20},"end":{"line":29,"column":21}},"loc":{"start":{"line":29,"column":61},"end":{"line":34,"column":null}},"line":29},"2":{"name":"(anonymous_2)","decl":{"start":{"line":36,"column":23},"end":{"line":36,"column":24}},"loc":{"start":{"line":36,"column":51},"end":{"line":47,"column":null}},"line":36},"3":{"name":"(anonymous_3)","decl":{"start":{"line":49,"column":23},"end":{"line":49,"column":24}},"loc":{"start":{"line":49,"column":51},"end":{"line":60,"column":null}},"line":49},"4":{"name":"(anonymous_4)","decl":{"start":{"line":62,"column":48},"end":{"line":62,"column":54}},"loc":{"start":{"line":62,"column":54},"end":{"line":199,"column":1}},"line":62},"5":{"name":"(anonymous_5)","decl":{"start":{"line":103,"column":12},"end":{"line":103,"column":18}},"loc":{"start":{"line":103,"column":18},"end":{"line":120,"column":5}},"line":103},"6":{"name":"(anonymous_6)","decl":{"start":{"line":104,"column":25},"end":{"line":104,"column":26}},"loc":{"start":{"line":104,"column":45},"end":{"line":113,"column":null}},"line":104},"7":{"name":"(anonymous_7)","decl":{"start":{"line":105,"column":17},"end":{"line":105,"column":18}},"loc":{"start":{"line":105,"column":28},"end":{"line":112,"column":8}},"line":105},"8":{"name":"(anonymous_8)","decl":{"start":{"line":135,"column":24},"end":{"line":135,"column":25}},"loc":{"start":{"line":135,"column":33},"end":{"line":160,"column":9}},"line":135},"9":{"name":"(anonymous_9)","decl":{"start":{"line":165,"column":17},"end":{"line":165,"column":23}},"loc":{"start":{"line":165,"column":23},"end":{"line":165,"column":null}},"line":165},"10":{"name":"(anonymous_10)","decl":{"start":{"line":173,"column":27},"end":{"line":173,"column":28}},"loc":{"start":{"line":173,"column":36},"end":{"line":188,"column":11}},"line":173}},"branchMap":{"0":{"loc":{"start":{"line":22,"column":2},"end":{"line":22,"column":null}},"type":"if","locations":[{"start":{"line":22,"column":2},"end":{"line":22,"column":null}},{"start":{},"end":{}}],"line":22},"1":{"loc":{"start":{"line":24,"column":2},"end":{"line":24,"column":null}},"type":"if","locations":[{"start":{"line":24,"column":2},"end":{"line":24,"column":null}},{"start":{},"end":{}}],"line":24},"2":{"loc":{"start":{"line":25,"column":2},"end":{"line":25,"column":null}},"type":"if","locations":[{"start":{"line":25,"column":2},"end":{"line":25,"column":null}},{"start":{},"end":{}}],"line":25},"3":{"loc":{"start":{"line":30,"column":2},"end":{"line":32,"column":null}},"type":"if","locations":[{"start":{"line":30,"column":2},"end":{"line":32,"column":null}},{"start":{},"end":{}}],"line":30},"4":{"loc":{"start":{"line":37,"column":2},"end":{"line":46,"column":null}},"type":"switch","locations":[{"start":{"line":38,"column":4},"end":{"line":39,"column":null}},{"start":{"line":40,"column":4},"end":{"line":41,"column":null}},{"start":{"line":42,"column":4},"end":{"line":43,"column":null}},{"start":{"line":44,"column":4},"end":{"line":45,"column":null}}],"line":37},"5":{"loc":{"start":{"line":50,"column":2},"end":{"line":59,"column":null}},"type":"switch","locations":[{"start":{"line":51,"column":4},"end":{"line":52,"column":null}},{"start":{"line":53,"column":4},"end":{"line":54,"column":null}},{"start":{"line":55,"column":4},"end":{"line":56,"column":null}},{"start":{"line":57,"column":4},"end":{"line":58,"column":null}}],"line":50},"6":{"loc":{"start":{"line":153,"column":17},"end":{"line":155,"column":null}},"type":"cond-expr","locations":[{"start":{"line":154,"column":20},"end":{"line":154,"column":null}},{"start":{"line":155,"column":20},"end":{"line":155,"column":null}}],"line":153},"7":{"loc":{"start":{"line":168,"column":9},"end":{"line":168,"column":39}},"type":"cond-expr","locations":[{"start":{"line":168,"column":23},"end":{"line":168,"column":32}},{"start":{"line":168,"column":32},"end":{"line":168,"column":39}}],"line":168},"8":{"loc":{"start":{"line":171,"column":7},"end":{"line":189,"column":null}},"type":"binary-expr","locations":[{"start":{"line":171,"column":7},"end":{"line":171,"column":null}},{"start":{"line":172,"column":8},"end":{"line":189,"column":null}}],"line":171},"9":{"loc":{"start":{"line":182,"column":19},"end":{"line":184,"column":null}},"type":"cond-expr","locations":[{"start":{"line":183,"column":22},"end":{"line":183,"column":null}},{"start":{"line":184,"column":22},"end":{"line":184,"column":null}}],"line":182}},"s":{"0":1,"1":0,"2":0,"3":0,"4":0,"5":0,"6":0,"7":0,"8":0,"9":0,"10":1,"11":0,"12":0,"13":0,"14":1,"15":102,"16":0,"17":0,"18":0,"19":102,"20":1,"21":48,"22":0,"23":0,"24":0,"25":48,"26":1,"27":16,"28":16,"29":16,"30":12,"31":0,"32":0,"33":12,"34":12,"35":12,"36":12,"37":12,"38":16,"39":16,"40":16,"41":48,"42":48,"43":4,"44":6,"45":6,"46":1},"f":{"0":0,"1":0,"2":102,"3":48,"4":16,"5":12,"6":0,"7":0,"8":48,"9":4,"10":6},"b":{"0":[0,0],"1":[0,0],"2":[0,0],"3":[0,0],"4":[0,0,0,102],"5":[0,0,0,48],"6":[0,48],"7":[3,13],"8":[16,3],"9":[0,6]},"meta":{"lastBranch":10,"lastFunction":11,"lastStatement":47,"seen":{"s:12:24:27:Infinity":0,"f:12:24:12:25":0,"s:13:69:19:Infinity":1,"s:21:20:21:Infinity":2,"b:22:2:22:Infinity:undefined:undefined:undefined:undefined":0,"s:22:2:22:Infinity":3,"s:22:18:22:Infinity":4,"b:24:2:24:Infinity:undefined:undefined:undefined:undefined":1,"s:24:2:24:Infinity":5,"s:24:31:24:Infinity":6,"b:25:2:25:Infinity:undefined:undefined:undefined:undefined":2,"s:25:2:25:Infinity":7,"s:25:31:25:Infinity":8,"s:26:2:26:Infinity":9,"s:29:20:34:Infinity":10,"f:29:20:29:21":1,"b:30:2:32:Infinity:undefined:undefined:undefined:undefined":3,"s:30:2:32:Infinity":11,"s:31:4:31:Infinity":12,"s:33:2:33:Infinity":13,"s:36:23:47:Infinity":14,"f:36:23:36:24":2,"b:38:4:39:Infinity:40:4:41:Infinity:42:4:43:Infinity:44:4:45:Infinity":4,"s:37:2:46:Infinity":15,"s:39:6:39:Infinity":16,"s:41:6:41:Infinity":17,"s:43:6:43:Infinity":18,"s:45:6:45:Infinity":19,"s:49:23:60:Infinity":20,"f:49:23:49:24":3,"b:51:4:52:Infinity:53:4:54:Infinity:55:4:56:Infinity:57:4:58:Infinity":5,"s:50:2:59:Infinity":21,"s:52:6:52:Infinity":22,"s:54:6:54:Infinity":23,"s:56:6:56:Infinity":24,"s:58:6:58:Infinity":25,"s:62:37:199:Infinity":26,"f:62:48:62:54":4,"s:63:28:99:Infinity":27,"s:101:36:101:Infinity":28,"s:103:2:120:Infinity":29,"f:103:12:103:18":5,"s:104:25:113:Infinity":30,"f:104:25:104:26":6,"s:105:6:112:Infinity":31,"f:105:17:105:18":7,"s:105:28:112:8":32,"s:115:4:115:Infinity":33,"s:116:4:116:Infinity":34,"s:117:4:117:Infinity":35,"s:118:4:118:Infinity":36,"s:119:4:119:Infinity":37,"s:122:21:122:Infinity":38,"s:123:22:123:Infinity":39,"s:125:2:197:Infinity":40,"f:135:24:135:25":8,"s:136:25:136:Infinity":41,"s:137:10:158:Infinity":42,"b:154:20:154:Infinity:155:20:155:Infinity":6,"f:165:17:165:23":9,"s:165:23:165:Infinity":43,"b:168:23:168:32:168:32:168:39":7,"b:171:7:171:Infinity:172:8:189:Infinity":8,"f:173:27:173:28":10,"s:174:27:174:Infinity":44,"s:175:12:186:Infinity":45,"b:183:22:183:Infinity:184:22:184:Infinity":9,"s:201:0:201:Infinity":46}}}
,"/mnt/c/Users/scarm/antigravity-demo/src/components/RAGShowcase.tsx": {"path":"/mnt/c/Users/scarm/antigravity-demo/src/components/RAGShowcase.tsx","statementMap":{"0":{"start":{"line":9,"column":25},"end":{"line":23,"column":null}},"1":{"start":{"line":25,"column":19},"end":{"line":29,"column":null}},"2":{"start":{"line":31,"column":30},"end":{"line":86,"column":null}},"3":{"start":{"line":32,"column":44},"end":{"line":32,"column":null}},"4":{"start":{"line":34,"column":10},"end":{"line":34,"column":null}},"5":{"start":{"line":34,"column":40},"end":{"line":34,"column":90}},"6":{"start":{"line":34,"column":58},"end":{"line":34,"column":87}},"7":{"start":{"line":36,"column":4},"end":{"line":84,"column":null}},"8":{"start":{"line":60,"column":20},"end":{"line":66,"column":null}},"9":{"start":{"line":63,"column":39},"end":{"line":63,"column":null}},"10":{"start":{"line":72,"column":20},"end":{"line":75,"column":null}},"11":{"start":{"line":88,"column":0},"end":{"line":88,"column":null}}},"fnMap":{"0":{"name":"(anonymous_0)","decl":{"start":{"line":31,"column":41},"end":{"line":31,"column":47}},"loc":{"start":{"line":31,"column":47},"end":{"line":86,"column":1}},"line":31},"1":{"name":"(anonymous_1)","decl":{"start":{"line":34,"column":34},"end":{"line":34,"column":40}},"loc":{"start":{"line":34,"column":40},"end":{"line":34,"column":90}},"line":34},"2":{"name":"(anonymous_2)","decl":{"start":{"line":34,"column":53},"end":{"line":34,"column":58}},"loc":{"start":{"line":34,"column":58},"end":{"line":34,"column":87}},"line":34},"3":{"name":"(anonymous_3)","decl":{"start":{"line":59,"column":32},"end":{"line":59,"column":null}},"loc":{"start":{"line":60,"column":20},"end":{"line":66,"column":null}},"line":60},"4":{"name":"(anonymous_4)","decl":{"start":{"line":63,"column":33},"end":{"line":63,"column":39}},"loc":{"start":{"line":63,"column":39},"end":{"line":63,"column":null}},"line":63},"5":{"name":"(anonymous_5)","decl":{"start":{"line":71,"column":35},"end":{"line":71,"column":36}},"loc":{"start":{"line":72,"column":20},"end":{"line":75,"column":null}},"line":72}},"branchMap":{"0":{"loc":{"start":{"line":62,"column":51},"end":{"line":62,"column":92}},"type":"cond-expr","locations":[{"start":{"line":62,"column":79},"end":{"line":62,"column":90}},{"start":{"line":62,"column":90},"end":{"line":62,"column":92}}],"line":62}},"s":{"0":1,"1":1,"2":1,"3":14,"4":14,"5":14,"6":182,"7":14,"8":42,"9":3,"10":48,"11":1},"f":{"0":14,"1":14,"2":182,"3":42,"4":3,"5":48},"b":{"0":[14,28]},"meta":{"lastBranch":1,"lastFunction":6,"lastStatement":12,"seen":{"s:9:25:23:Infinity":0,"s:25:19:29:Infinity":1,"s:31:30:86:Infinity":2,"f:31:41:31:47":0,"s:32:44:32:Infinity":3,"s:34:10:34:Infinity":4,"f:34:34:34:40":1,"s:34:40:34:90":5,"f:34:53:34:58":2,"s:34:58:34:87":6,"s:36:4:84:Infinity":7,"f:59:32:59:Infinity":3,"s:60:20:66:Infinity":8,"b:62:79:62:90:62:90:62:92":0,"f:63:33:63:39":4,"s:63:39:63:Infinity":9,"f:71:35:71:36":5,"s:72:20:75:Infinity":10,"s:88:0:88:Infinity":11}}}
,"/mnt/c/Users/scarm/antigravity-demo/src/components/StatsBar.tsx": {"path":"/mnt/c/Users/scarm/antigravity-demo/src/components/StatsBar.tsx","statementMap":{"0":{"start":{"line":12,"column":42},"end":{"line":33,"column":null}},"1":{"start":{"line":13,"column":2},"end":{"line":31,"column":null}}},"fnMap":{"0":{"name":"(anonymous_0)","decl":{"start":{"line":12,"column":42},"end":{"line":12,"column":43}},"loc":{"start":{"line":12,"column":64},"end":{"line":33,"column":null}},"line":12}},"branchMap":{},"s":{"0":2,"1":43},"f":{"0":43},"b":{},"meta":{"lastBranch":0,"lastFunction":1,"lastStatement":2,"seen":{"s:12:42:33:Infinity":0,"f:12:42:12:43":0,"s:13:2:31:Infinity":1}}}
,"/mnt/c/Users/scarm/antigravity-demo/src/components/WorkflowsCard.tsx": {"path":"/mnt/c/Users/scarm/antigravity-demo/src/components/WorkflowsCard.tsx","statementMap":{"0":{"start":{"line":4,"column":32},"end":{"line":18,"column":null}},"1":{"start":{"line":5,"column":2},"end":{"line":16,"column":null}},"2":{"start":{"line":10,"column":10},"end":{"line":13,"column":null}}},"fnMap":{"0":{"name":"(anonymous_0)","decl":{"start":{"line":4,"column":43},"end":{"line":4,"column":49}},"loc":{"start":{"line":4,"column":49},"end":{"line":18,"column":1}},"line":4},"1":{"name":"(anonymous_1)","decl":{"start":{"line":9,"column":23},"end":{"line":9,"column":24}},"loc":{"start":{"line":10,"column":10},"end":{"line":13,"column":null}},"line":10}},"branchMap":{},"s":{"0":1,"1":6,"2":18},"f":{"0":6,"1":18},"b":{},"meta":{"lastBranch":0,"lastFunction":2,"lastStatement":3,"seen":{"s:4:32:18:Infinity":0,"f:4:43:4:49":0,"s:5:2:16:Infinity":1,"f:9:23:9:24":1,"s:10:10:13:Infinity":2}}}
,"/mnt/c/Users/scarm/antigravity-demo/src/data/features.ts": {"path":"/mnt/c/Users/scarm/antigravity-demo/src/data/features.ts","statementMap":{"0":{"start":{"line":1,"column":24},"end":{"line":8,"column":null}}},"fnMap":{},"branchMap":{},"s":{"0":1},"f":{},"b":{},"meta":{"lastBranch":0,"lastFunction":0,"lastStatement":1,"seen":{"s:1:24:8:Infinity":0}}}
,"/mnt/c/Users/scarm/antigravity-demo/src/data/workflows.ts": {"path":"/mnt/c/Users/scarm/antigravity-demo/src/data/workflows.ts","statementMap":{"0":{"start":{"line":1,"column":25},"end":{"line":18,"column":null}}},"fnMap":{},"branchMap":{},"s":{"0":1},"f":{},"b":{},"meta":{"lastBranch":0,"lastFunction":0,"lastStatement":1,"seen":{"s:1:25:18:Infinity":0}}}
}
